<?xml version="1.0" encoding="UTF-8"?>
<testsuite name="cs.home.shopping.service.CustomerServiceTest" tests="2" skipped="0" failures="0" errors="0" timestamp="2025-02-03T00:49:54" hostname="CSC-DEV" time="0.08">
  <properties/>
  <testcase name="should save a valid customer" classname="cs.home.shopping.service.CustomerServiceTest" time="0.058"/>
  <testcase name="should load all customers" classname="cs.home.shopping.service.CustomerServiceTest" time="0.021"/>
  <system-out><![CDATA[]]></system-out>
  <system-err><![CDATA[]]></system-err>
</testsuite>
