<?xml version="1.0" encoding="UTF-8"?>
<testsuite name="cs.home.shopping.service.CartServiceTest" tests="11" skipped="0" failures="0" errors="0" timestamp="2025-02-05T23:03:01" hostname="CSC-DEV" time="0.197">
  <properties/>
  <testcase name="(ALL) when a regular Customer adds 3 shirts to cart then total should be 71.98" classname="cs.home.shopping.service.CartServiceTest" time="0.085"/>
  <testcase name="(ALL) when a regular Customer adds 2 shirts and 2 jeans to cart then total should be 166.99" classname="cs.home.shopping.service.CartServiceTest" time="0.01"/>
  <testcase name="(ALL) when a VIP Customer adds 3 dresses to cart then total should be 161.50" classname="cs.home.shopping.service.CartServiceTest" time="0.017"/>
  <testcase name="(ALL) when a VIP Customer adds 2 jeans and 2 dresses to cart then total should be 227.00" classname="cs.home.shopping.service.CartServiceTest" time="0.007"/>
  <testcase name="(ALL) when a VIP Customer adds 4 shirts and 1 jeans to cart then total should be 173.47" classname="cs.home.shopping.service.CartServiceTest" time="0.007"/>
  <testcase name="when adding   [productId: 1, qty: 1, result: true, #0]" classname="cs.home.shopping.service.CartServiceTest" time="0.003"/>
  <testcase name="when adding   [productId: 2, qty: 3, result: true, #1]" classname="cs.home.shopping.service.CartServiceTest" time="0.001"/>
  <testcase name="when Products has 1 items and Customer is not VIP then Discount should be 0" classname="cs.home.shopping.service.CartServiceTest" time="0.011"/>
  <testcase name="when Products has 2 items and Customer is not VIP then Discount should be 0" classname="cs.home.shopping.service.CartServiceTest" time="0.002"/>
  <testcase name="when Products has 3 items and Customer is not VIP then Discount should be 100" classname="cs.home.shopping.service.CartServiceTest" time="0.002"/>
  <testcase name="when adding a product that was already added then increase quantity" classname="cs.home.shopping.service.CartServiceTest" time="0.007"/>
  <system-out><![CDATA[]]></system-out>
  <system-err><![CDATA[]]></system-err>
</testsuite>
